# JRE version: Java(TM) SE Runtime Environment (13.0.2+8) (build 13.0.2+8)
# Java VM: Java HotSpot(TM) 64-Bit Server VM (13.0.2+8, mixed mode, sharing, tiered, compressed oops, g1 gc, windows-amd64)
Heap:
 garbage-first heap   total 73728K, used 31850K [0x0000000081600000, 0x0000000100000000)
  region size 1024K, 14 young (14336K), 2 survivors (2048K)
 Metaspace       used 51156K, capacity 52411K, committed 52608K, reserved 1095680K
  class space    used 6757K, capacity 7264K, committed 7296K, reserved 1048576K
GC Heap History (20 events):
Event: 4.656 GC heap before
{Heap before GC invocations=5 (full 0):
 garbage-first heap   total 131072K, used 60678K [0x0000000081600000, 0x0000000100000000)
  region size 1024K, 55 young (56320K), 3 survivors (3072K)
 Metaspace       used 20406K, capacity 21097K, committed 21248K, reserved 1067008K
  class space    used 2447K, capacity 2715K, committed 2816K, reserved 1048576K
}
Event: 4.668 GC heap after
{Heap after GC invocations=6 (full 0):
 garbage-first heap   total 131072K, used 10866K [0x0000000081600000, 0x0000000100000000)
  region size 1024K, 5 young (5120K), 5 survivors (5120K)
 Metaspace       used 20406K, capacity 21097K, committed 21248K, reserved 1067008K
  class space    used 2447K, capacity 2715K, committed 2816K, reserved 1048576K
}
Event: 5.866 GC heap before
{Heap before GC invocations=7 (full 0):
 garbage-first heap   total 45056K, used 43634K [0x0000000081600000, 0x0000000100000000)
  region size 1024K, 37 young (37888K), 5 survivors (5120K)
 Metaspace       used 24080K, capacity 24937K, committed 25088K, reserved 1071104K
  class space    used 2968K, capacity 3238K, committed 3328K, reserved 1048576K
}
Event: 5.878 GC heap after
{Heap after GC invocations=8 (full 0):
 garbage-first heap   total 51200K, used 12570K [0x0000000081600000, 0x0000000100000000)
  region size 1024K, 6 young (6144K), 6 survivors (6144K)
 Metaspace       used 24080K, capacity 24937K, committed 25088K, reserved 1071104K
  class space    used 2968K, capacity 3238K, committed 3328K, reserved 1048576K
}
Event: 6.654 GC heap before
{Heap before GC invocations=8 (full 0):
 garbage-first heap   total 51200K, used 36122K [0x0000000081600000, 0x0000000100000000)
  region size 1024K, 30 young (30720K), 6 survivors (6144K)
 Metaspace       used 26709K, capacity 27638K, committed 27776K, reserved 1073152K
  class space    used 3299K, capacity 3626K, committed 3712K, reserved 1048576K
}
Event: 6.666 GC heap after
{Heap after GC invocations=9 (full 0):
 garbage-first heap   total 61440K, used 14266K [0x0000000081600000, 0x0000000100000000)
  region size 1024K, 4 young (4096K), 4 survivors (4096K)
 Metaspace       used 26709K, capacity 27638K, committed 27776K, reserved 1073152K
  class space    used 3299K, capacity 3626K, committed 3712K, reserved 1048576K
}
Event: 6.679 GC heap before
{Heap before GC invocations=9 (full 0):
 garbage-first heap   total 61440K, used 41914K [0x0000000081600000, 0x0000000100000000)
  region size 1024K, 32 young (32768K), 4 survivors (4096K)
 Metaspace       used 26709K, capacity 27638K, committed 27776K, reserved 1073152K
  class space    used 3299K, capacity 3626K, committed 3712K, reserved 1048576K
}
Event: 6.684 GC heap after
{Heap after GC invocations=10 (full 0):
 garbage-first heap   total 61440K, used 14390K [0x0000000081600000, 0x0000000100000000)
  region size 1024K, 2 young (2048K), 2 survivors (2048K)
 Metaspace       used 26709K, capacity 27638K, committed 27776K, reserved 1073152K
  class space    used 3299K, capacity 3626K, committed 3712K, reserved 1048576K
}
Event: 6.896 GC heap before
{Heap before GC invocations=10 (full 0):
 garbage-first heap   total 61440K, used 44086K [0x0000000081600000, 0x0000000100000000)
  region size 1024K, 32 young (32768K), 2 survivors (2048K)
 Metaspace       used 27289K, capacity 28306K, committed 28544K, reserved 1075200K
  class space    used 3348K, capacity 3699K, committed 3712K, reserved 1048576K
}
Event: 6.900 GC heap after
{Heap after GC invocations=11 (full 0):
 garbage-first heap   total 61440K, used 14571K [0x0000000081600000, 0x0000000100000000)
  region size 1024K, 2 young (2048K), 2 survivors (2048K)
 Metaspace       used 27289K, capacity 28306K, committed 28544K, reserved 1075200K
  class space    used 3348K, capacity 3699K, committed 3712K, reserved 1048576K
}
Event: 7.604 GC heap before
{Heap before GC invocations=11 (full 0):
 garbage-first heap   total 61440K, used 45291K [0x0000000081600000, 0x0000000100000000)
  region size 1024K, 33 young (33792K), 2 survivors (2048K)
 Metaspace       used 29102K, capacity 30192K, committed 30336K, reserved 1075200K
  class space    used 3552K, capacity 3945K, committed 3968K, reserved 1048576K
}
Event: 7.610 GC heap after
{Heap after GC invocations=12 (full 0):
 garbage-first heap   total 61440K, used 15108K [0x0000000081600000, 0x0000000100000000)
  region size 1024K, 3 young (3072K), 3 survivors (3072K)
 Metaspace       used 29102K, capacity 30192K, committed 30336K, reserved 1075200K
  class space    used 3552K, capacity 3945K, committed 3968K, reserved 1048576K
}
Event: 8.491 GC heap before
{Heap before GC invocations=12 (full 0):
 garbage-first heap   total 61440K, used 44804K [0x0000000081600000, 0x0000000100000000)
  region size 1024K, 33 young (33792K), 3 survivors (3072K)
 Metaspace       used 33511K, capacity 34608K, committed 34944K, reserved 1079296K
  class space    used 4217K, capacity 4624K, committed 4736K, reserved 1048576K
}
Event: 8.499 GC heap after
{Heap after GC invocations=13 (full 0):
 garbage-first heap   total 61440K, used 16822K [0x0000000081600000, 0x0000000100000000)
  region size 1024K, 5 young (5120K), 5 survivors (5120K)
 Metaspace       used 33511K, capacity 34608K, committed 34944K, reserved 1079296K
  class space    used 4217K, capacity 4624K, committed 4736K, reserved 1048576K
}
Event: 8.650 GC heap before
{Heap before GC invocations=13 (full 0):
 garbage-first heap   total 61440K, used 23990K [0x0000000081600000, 0x0000000100000000)
  region size 1024K, 13 young (13312K), 5 survivors (5120K)
 Metaspace       used 34640K, capacity 35746K, committed 35840K, reserved 1081344K
  class space    used 4391K, capacity 4790K, committed 4864K, reserved 1048576K
}
Event: 8.659 GC heap after
{Heap after GC invocations=14 (full 0):
 garbage-first heap   total 61440K, used 17202K [0x0000000081600000, 0x0000000100000000)
  region size 1024K, 3 young (3072K), 3 survivors (3072K)
 Metaspace       used 34640K, capacity 35746K, committed 35840K, reserved 1081344K
  class space    used 4391K, capacity 4790K, committed 4864K, reserved 1048576K
}
Event: 10.153 GC heap before
{Heap before GC invocations=15 (full 0):
 garbage-first heap   total 61440K, used 47922K [0x0000000081600000, 0x0000000100000000)
  region size 1024K, 33 young (33792K), 3 survivors (3072K)
 Metaspace       used 42304K, capacity 43475K, committed 43648K, reserved 1087488K
  class space    used 5452K, capacity 5910K, committed 6016K, reserved 1048576K
}
Event: 10.165 GC heap after
{Heap after GC invocations=16 (full 0):
 garbage-first heap   total 73728K, used 19769K [0x0000000081600000, 0x0000000100000000)
  region size 1024K, 5 young (5120K), 5 survivors (5120K)
 Metaspace       used 42304K, capacity 43475K, committed 43648K, reserved 1087488K
  class space    used 5452K, capacity 5910K, committed 6016K, reserved 1048576K
}
Event: 12.274 GC heap before
{Heap before GC invocations=16 (full 0):
 garbage-first heap   total 73728K, used 52537K [0x0000000081600000, 0x0000000100000000)
  region size 1024K, 38 young (38912K), 5 survivors (5120K)
 Metaspace       used 48698K, capacity 49860K, committed 49920K, reserved 1091584K
  class space    used 6379K, capacity 6865K, committed 6912K, reserved 1048576K
}
Event: 12.287 GC heap after
{Heap after GC invocations=17 (full 0):
 garbage-first heap   total 73728K, used 21610K [0x0000000081600000, 0x0000000100000000)
  region size 1024K, 2 young (2048K), 2 survivors (2048K)
 Metaspace       used 48698K, capacity 49860K, committed 49920K, reserved 1091584K
  class space    used 6379K, capacity 6865K, committed 6912K, reserved 1048576K
}

