# JRE version: Java(TM) SE Runtime Environment (13.0.2+8) (build 13.0.2+8)
# Java VM: Java HotSpot(TM) 64-Bit Server VM (13.0.2+8, mixed mode, sharing, tiered, compressed oops, g1 gc, windows-amd64)
Heap:
 garbage-first heap   total 78848K, used 36428K [0x0000000081600000, 0x0000000100000000)
  region size 1024K, 15 young (15360K), 2 survivors (2048K)
 Metaspace       used 58192K, capacity 59630K, committed 59904K, reserved 1101824K
  class space    used 7512K, capacity 8068K, committed 8192K, reserved 1048576K
GC Heap History (20 events):
Event: 7.638 GC heap before
{Heap before GC invocations=15 (full 0):
 garbage-first heap   total 54272K, used 25683K [0x0000000081600000, 0x0000000100000000)
  region size 1024K, 14 young (14336K), 3 survivors (3072K)
 Metaspace       used 34726K, capacity 35735K, committed 35840K, reserved 1081344K
  class space    used 4170K, capacity 4561K, committed 4608K, reserved 1048576K
}
Event: 7.645 GC heap after
{Heap after GC invocations=16 (full 0):
 garbage-first heap   total 54272K, used 17490K [0x0000000081600000, 0x0000000100000000)
  region size 1024K, 4 young (4096K), 4 survivors (4096K)
 Metaspace       used 34726K, capacity 35735K, committed 35840K, reserved 1081344K
  class space    used 4170K, capacity 4561K, committed 4608K, reserved 1048576K
}
Event: 8.160 GC heap before
{Heap before GC invocations=17 (full 0):
 garbage-first heap   total 54272K, used 37970K [0x0000000081600000, 0x0000000100000000)
  region size 1024K, 24 young (24576K), 4 survivors (4096K)
 Metaspace       used 37240K, capacity 38356K, committed 38656K, reserved 1083392K
  class space    used 4595K, capacity 5004K, committed 5120K, reserved 1048576K
}
Event: 8.168 GC heap after
{Heap after GC invocations=18 (full 0):
 garbage-first heap   total 65536K, used 18491K [0x0000000081600000, 0x0000000100000000)
  region size 1024K, 2 young (2048K), 2 survivors (2048K)
 Metaspace       used 37240K, capacity 38356K, committed 38656K, reserved 1083392K
  class space    used 4595K, capacity 5004K, committed 5120K, reserved 1048576K
}
Event: 8.829 GC heap before
{Heap before GC invocations=18 (full 0):
 garbage-first heap   total 65536K, used 46139K [0x0000000081600000, 0x0000000100000000)
  region size 1024K, 29 young (29696K), 2 survivors (2048K)
 Metaspace       used 41907K, capacity 43073K, committed 43264K, reserved 1087488K
  class space    used 5369K, capacity 5778K, committed 5888K, reserved 1048576K
}
Event: 8.836 GC heap after
{Heap after GC invocations=19 (full 0):
 garbage-first heap   total 65536K, used 20255K [0x0000000081600000, 0x0000000100000000)
  region size 1024K, 4 young (4096K), 4 survivors (4096K)
 Metaspace       used 41907K, capacity 43073K, committed 43264K, reserved 1087488K
  class space    used 5369K, capacity 5778K, committed 5888K, reserved 1048576K
}
Event: 9.775 GC heap before
{Heap before GC invocations=19 (full 0):
 garbage-first heap   total 65536K, used 45855K [0x0000000081600000, 0x0000000100000000)
  region size 1024K, 30 young (30720K), 4 survivors (4096K)
 Metaspace       used 47465K, capacity 48636K, committed 48896K, reserved 1091584K
  class space    used 6183K, capacity 6608K, committed 6656K, reserved 1048576K
}
Event: 9.787 GC heap after
{Heap after GC invocations=20 (full 0):
 garbage-first heap   total 65536K, used 21710K [0x0000000081600000, 0x0000000100000000)
  region size 1024K, 4 young (4096K), 4 survivors (4096K)
 Metaspace       used 47465K, capacity 48636K, committed 48896K, reserved 1091584K
  class space    used 6183K, capacity 6608K, committed 6656K, reserved 1048576K
}
Event: 10.978 GC heap before
{Heap before GC invocations=20 (full 0):
 garbage-first heap   total 65536K, used 47310K [0x0000000081600000, 0x0000000100000000)
  region size 1024K, 30 young (30720K), 4 survivors (4096K)
 Metaspace       used 52287K, capacity 53659K, committed 53760K, reserved 1095680K
  class space    used 6869K, capacity 7387K, committed 7424K, reserved 1048576K
}
Event: 10.987 GC heap after
{Heap after GC invocations=21 (full 0):
 garbage-first heap   total 65536K, used 22968K [0x0000000081600000, 0x0000000100000000)
  region size 1024K, 3 young (3072K), 3 survivors (3072K)
 Metaspace       used 52287K, capacity 53659K, committed 53760K, reserved 1095680K
  class space    used 6869K, capacity 7387K, committed 7424K, reserved 1048576K
}
Event: 50.279 GC heap before
{Heap before GC invocations=21 (full 0):
 garbage-first heap   total 65536K, used 48568K [0x0000000081600000, 0x0000000100000000)
  region size 1024K, 29 young (29696K), 3 survivors (3072K)
 Metaspace       used 57198K, capacity 58656K, committed 58752K, reserved 1099776K
  class space    used 7443K, capacity 8004K, committed 8064K, reserved 1048576K
}
Event: 50.290 GC heap after
{Heap after GC invocations=22 (full 0):
 garbage-first heap   total 78848K, used 24095K [0x0000000081600000, 0x0000000100000000)
  region size 1024K, 3 young (3072K), 3 survivors (3072K)
 Metaspace       used 57198K, capacity 58656K, committed 58752K, reserved 1099776K
  class space    used 7443K, capacity 8004K, committed 8064K, reserved 1048576K
}
Event: 1910.262 GC heap before
{Heap before GC invocations=22 (full 0):
 garbage-first heap   total 78848K, used 56863K [0x0000000081600000, 0x0000000100000000)
  region size 1024K, 35 young (35840K), 3 survivors (3072K)
 Metaspace       used 57595K, capacity 59093K, committed 59264K, reserved 1099776K
  class space    used 7465K, capacity 8042K, committed 8064K, reserved 1048576K
}
Event: 1910.282 GC heap after
{Heap after GC invocations=23 (full 0):
 garbage-first heap   total 78848K, used 24292K [0x0000000081600000, 0x0000000100000000)
  region size 1024K, 3 young (3072K), 3 survivors (3072K)
 Metaspace       used 57595K, capacity 59093K, committed 59264K, reserved 1099776K
  class space    used 7465K, capacity 8042K, committed 8064K, reserved 1048576K
}
Event: 4163.150 GC heap before
{Heap before GC invocations=23 (full 0):
 garbage-first heap   total 78848K, used 58084K [0x0000000081600000, 0x0000000100000000)
  region size 1024K, 36 young (36864K), 3 survivors (3072K)
 Metaspace       used 57656K, capacity 59093K, committed 59264K, reserved 1099776K
  class space    used 7465K, capacity 8042K, committed 8064K, reserved 1048576K
}
Event: 4163.168 GC heap after
{Heap after GC invocations=24 (full 0):
 garbage-first heap   total 78848K, used 24546K [0x0000000081600000, 0x0000000100000000)
  region size 1024K, 2 young (2048K), 2 survivors (2048K)
 Metaspace       used 57656K, capacity 59093K, committed 59264K, reserved 1099776K
  class space    used 7465K, capacity 8042K, committed 8064K, reserved 1048576K
}
Event: 6090.918 GC heap before
{Heap before GC invocations=24 (full 0):
 garbage-first heap   total 78848K, used 59362K [0x0000000081600000, 0x0000000100000000)
  region size 1024K, 36 young (36864K), 2 survivors (2048K)
 Metaspace       used 57807K, capacity 59325K, committed 59520K, reserved 1101824K
  class space    used 7473K, capacity 8051K, committed 8064K, reserved 1048576K
}
Event: 6090.926 GC heap after
{Heap after GC invocations=25 (full 0):
 garbage-first heap   total 78848K, used 24215K [0x0000000081600000, 0x0000000100000000)
  region size 1024K, 2 young (2048K), 2 survivors (2048K)
 Metaspace       used 57807K, capacity 59325K, committed 59520K, reserved 1101824K
  class space    used 7473K, capacity 8051K, committed 8064K, reserved 1048576K
}
Event: 8538.436 GC heap before
{Heap before GC invocations=25 (full 0):
 garbage-first heap   total 78848K, used 60055K [0x0000000081600000, 0x0000000100000000)
  region size 1024K, 37 young (37888K), 2 survivors (2048K)
 Metaspace       used 57846K, capacity 59326K, committed 59520K, reserved 1101824K
  class space    used 7473K, capacity 8051K, committed 8064K, reserved 1048576K
}
Event: 8538.446 GC heap after
{Heap after GC invocations=26 (full 0):
 garbage-first heap   total 78848K, used 24140K [0x0000000081600000, 0x0000000100000000)
  region size 1024K, 2 young (2048K), 2 survivors (2048K)
 Metaspace       used 57846K, capacity 59326K, committed 59520K, reserved 1101824K
  class space    used 7473K, capacity 8051K, committed 8064K, reserved 1048576K
}

